0 info it worked if it ends with ok
1 verbose cli [ 'C:\\Program Files (x86)\\nodejs\\\\node.exe',
1 verbose cli   'C:\\Program Files (x86)\\nodejs\\node_modules\\npm\\bin\\npm-cli.js',
1 verbose cli   'run',
1 verbose cli   'develop' ]
2 info using npm@1.4.28
3 info using node@v0.10.32
4 verbose node symlink C:\Program Files (x86)\nodejs\\node.exe
5 verbose run-script [ 'predevelop', 'develop', 'postdevelop' ]
6 info predevelop electron-test@0.0.1
7 info develop electron-test@0.0.1
8 verbose unsafe-perm in lifecycle true
9 info electron-test@0.0.1 Failed to exec develop script
10 error electron-test@0.0.1 develop: `npm install && gulp develop`
10 error Exit status 8
11 error Failed at the electron-test@0.0.1 develop script.
11 error This is most likely a problem with the electron-test package,
11 error not with npm itself.
11 error Tell the author that this fails on your system:
11 error     npm install && gulp develop
11 error You can get their info via:
11 error     npm owner ls electron-test
11 error There is likely additional logging output above.
12 error System Windows_NT 6.2.9200
13 error command "C:\\Program Files (x86)\\nodejs\\\\node.exe" "C:\\Program Files (x86)\\nodejs\\node_modules\\npm\\bin\\npm-cli.js" "run" "develop"
14 error cwd e:\Lucian\OtherProducts\electron-test
15 error node -v v0.10.32
16 error npm -v 1.4.28
17 error code ELIFECYCLE
18 verbose exit [ 1, true ]
